API Response: {"status":"general_failure","message":"Insufficient credit balance. This transaction requires 1 credits. The current available credit balance is 0.","execution_time":38}
Array
(
    [status] => general_failure
    [message] => Insufficient credit balance. This transaction requires 1 credits. The current available credit balance is 0.
    [execution_time] => 38
)

API Response: {"status":"general_failure","message":"Insufficient credit balance. This transaction requires 1 credits. The current available credit balance is 0.","execution_time":15}
Array
(
    [status] => general_failure
    [message] => Insufficient credit balance. This transaction requires 1 credits. The current available credit balance is 0.
    [execution_time] => 15
)

API Response: {"status":"general_failure","message":"Insufficient credit balance. This transaction requires 1 credits. The current available credit balance is 0.","execution_time":12}
Array
(
    [status] => general_failure
    [message] => Insufficient credit balance. This transaction requires 1 credits. The current available credit balance is 0.
    [execution_time] => 12
)

API Response: {"status":"general_failure","message":"Insufficient credit balance. This transaction requires 1 credits. The current available credit balance is 0.","execution_time":23}
Array
(
    [status] => general_failure
    [message] => Insufficient credit balance. This transaction requires 1 credits. The current available credit balance is 0.
    [execution_time] => 23
)

API Response: {"status":"general_failure","message":"Insufficient credit balance. This transaction requires 1 credits. The current available credit balance is 0.","execution_time":11}
Array
(
    [status] => general_failure
    [message] => Insufficient credit balance. This transaction requires 1 credits. The current available credit balance is 0.
    [execution_time] => 11
)

API Response: {"status":"general_failure","message":"Insufficient credit balance. This transaction requires 1 credits. The current available credit balance is 0.","execution_time":9}
Array
(
    [status] => general_failure
    [message] => Insufficient credit balance. This transaction requires 1 credits. The current available credit balance is 0.
    [execution_time] => 9
)

API Response: {"status":"general_failure","message":"Insufficient credit balance. This transaction requires 1 credits. The current available credit balance is 0.","execution_time":22}
Array
(
    [status] => general_failure
    [message] => Insufficient credit balance. This transaction requires 1 credits. The current available credit balance is 0.
    [execution_time] => 22
)

API Response: {"status":"general_failure","message":"Insufficient credit balance. This transaction requires 1 credits. The current available credit balance is 0.","execution_time":20}
Array
(
    [status] => general_failure
    [message] => Insufficient credit balance. This transaction requires 1 credits. The current available credit balance is 0.
    [execution_time] => 20
)

API Response: {"status":"general_failure","message":"Insufficient credit balance. This transaction requires 1 credits. The current available credit balance is 0.","execution_time":11}
Array
(
    [status] => general_failure
    [message] => Insufficient credit balance. This transaction requires 1 credits. The current available credit balance is 0.
    [execution_time] => 11
)

API Response: {"status":"general_failure","message":"Insufficient credit balance. This transaction requires 1 credits. The current available credit balance is 0.","execution_time":9}
Array
(
    [status] => general_failure
    [message] => Insufficient credit balance. This transaction requires 1 credits. The current available credit balance is 0.
    [execution_time] => 9
)

API Response: {"status":"general_failure","message":"Insufficient credit balance. This transaction requires 1 credits. The current available credit balance is 0.","execution_time":10}
Array
(
    [status] => general_failure
    [message] => Insufficient credit balance. This transaction requires 1 credits. The current available credit balance is 0.
    [execution_time] => 10
)

API Response: {"status":"general_failure","message":"Insufficient credit balance. This transaction requires 1 credits. The current available credit balance is 0.","execution_time":15}
Array
(
    [status] => general_failure
    [message] => Insufficient credit balance. This transaction requires 1 credits. The current available credit balance is 0.
    [execution_time] => 15
)

API Response: {"status":"general_failure","message":"Insufficient credit balance. This transaction requires 1 credits. The current available credit balance is 0.","execution_time":10}
Array
(
    [status] => general_failure
    [message] => Insufficient credit balance. This transaction requires 1 credits. The current available credit balance is 0.
    [execution_time] => 10
)

API Response: {"status":"general_failure","message":"Insufficient credit balance. This transaction requires 1 credits. The current available credit balance is 0.","execution_time":10}
Array
(
    [status] => general_failure
    [message] => Insufficient credit balance. This transaction requires 1 credits. The current available credit balance is 0.
    [execution_time] => 10
)

API Response: {"status":"general_failure","message":"Insufficient credit balance. This transaction requires 1 credits. The current available credit balance is 0.","execution_time":10}
Array
(
    [status] => general_failure
    [message] => Insufficient credit balance. This transaction requires 1 credits. The current available credit balance is 0.
    [execution_time] => 10
)

API Response: {"status":"general_failure","message":"Insufficient credit balance. This transaction requires 1 credits. The current available credit balance is 0.","execution_time":27}
Array
(
    [status] => general_failure
    [message] => Insufficient credit balance. This transaction requires 1 credits. The current available credit balance is 0.
    [execution_time] => 27
)

API Response: {"status":"general_failure","message":"Insufficient credit balance. This transaction requires 1 credits. The current available credit balance is 0.","execution_time":14}
Array
(
    [status] => general_failure
    [message] => Insufficient credit balance. This transaction requires 1 credits. The current available credit balance is 0.
    [execution_time] => 14
)

API Response: {"status":"general_failure","message":"Insufficient credit balance. This transaction requires 1 credits. The current available credit balance is 0.","execution_time":19}
Array
(
    [status] => general_failure
    [message] => Insufficient credit balance. This transaction requires 1 credits. The current available credit balance is 0.
    [execution_time] => 19
)

API Response: {"status":"general_failure","message":"Insufficient credit balance. This transaction requires 1 credits. The current available credit balance is 0.","execution_time":20}
Array
(
    [status] => general_failure
    [message] => Insufficient credit balance. This transaction requires 1 credits. The current available credit balance is 0.
    [execution_time] => 20
)

API Response: {"status":"general_failure","message":"Insufficient credit balance. This transaction requires 1 credits. The current available credit balance is 0.","execution_time":9}
Array
(
    [status] => general_failure
    [message] => Insufficient credit balance. This transaction requires 1 credits. The current available credit balance is 0.
    [execution_time] => 9
)

API Response: {"status":"general_failure","message":"Insufficient credit balance. This transaction requires 1 credits. The current available credit balance is 0.","execution_time":15}
Array
(
    [status] => general_failure
    [message] => Insufficient credit balance. This transaction requires 1 credits. The current available credit balance is 0.
    [execution_time] => 15
)

API Response: {"status":"general_failure","message":"Insufficient credit balance. This transaction requires 1 credits. The current available credit balance is 0.","execution_time":11}
Array
(
    [status] => general_failure
    [message] => Insufficient credit balance. This transaction requires 1 credits. The current available credit balance is 0.
    [execution_time] => 11
)

API Response: {"status":"general_failure","message":"Insufficient credit balance. This transaction requires 1 credits. The current available credit balance is 0.","execution_time":10}
Array
(
    [status] => general_failure
    [message] => Insufficient credit balance. This transaction requires 1 credits. The current available credit balance is 0.
    [execution_time] => 10
)

API Response: {"status":"general_failure","message":"Insufficient credit balance. This transaction requires 1 credits. The current available credit balance is 0.","execution_time":18}
Array
(
    [status] => general_failure
    [message] => Insufficient credit balance. This transaction requires 1 credits. The current available credit balance is 0.
    [execution_time] => 18
)

API Response: {"status":"general_failure","message":"Insufficient credit balance. This transaction requires 1 credits. The current available credit balance is 0.","execution_time":9}
Array
(
    [status] => general_failure
    [message] => Insufficient credit balance. This transaction requires 1 credits. The current available credit balance is 0.
    [execution_time] => 9
)

API Response: {"status":"general_failure","message":"Insufficient credit balance. This transaction requires 1 credits. The current available credit balance is 0.","execution_time":9}
Array
(
    [status] => general_failure
    [message] => Insufficient credit balance. This transaction requires 1 credits. The current available credit balance is 0.
    [execution_time] => 9
)

API Response: {"status":"general_failure","message":"Insufficient credit balance. This transaction requires 1 credits. The current available credit balance is 0.","execution_time":10}
Array
(
    [status] => general_failure
    [message] => Insufficient credit balance. This transaction requires 1 credits. The current available credit balance is 0.
    [execution_time] => 10
)

API Response: {"status":"general_failure","message":"Insufficient credit balance. This transaction requires 1 credits. The current available credit balance is 0.","execution_time":9}
Array
(
    [status] => general_failure
    [message] => Insufficient credit balance. This transaction requires 1 credits. The current available credit balance is 0.
    [execution_time] => 9
)

API Response: {"status":"general_failure","message":"Insufficient credit balance. This transaction requires 1 credits. The current available credit balance is 0.","execution_time":21}
Array
(
    [status] => general_failure
    [message] => Insufficient credit balance. This transaction requires 1 credits. The current available credit balance is 0.
    [execution_time] => 21
)

API Response: {"status":"general_failure","message":"Insufficient credit balance. This transaction requires 1 credits. The current available credit balance is 0.","execution_time":21}
Array
(
    [status] => general_failure
    [message] => Insufficient credit balance. This transaction requires 1 credits. The current available credit balance is 0.
    [execution_time] => 21
)

NeverBounce: Array
(
    [status] => general_failure
    [message] => Insufficient credit balance. This transaction requires 1 credits. The current available credit balance is 0.
    [execution_time] => 10
)

NeverBounce: Array
(
    [status] => general_failure
    [message] => Insufficient credit balance. This transaction requires 1 credits. The current available credit balance is 0.
    [execution_time] => 15
)

NeverBounce: Array
(
    [status] => general_failure
    [message] => Insufficient credit balance. This transaction requires 1 credits. The current available credit balance is 0.
    [execution_time] => 20
)

API Response: {"status":"general_failure","message":"Insufficient credit balance. This transaction requires 1 credits. The current available credit balance is 0.","execution_time":19}
Array
(
    [status] => general_failure
    [message] => Insufficient credit balance. This transaction requires 1 credits. The current available credit balance is 0.
    [execution_time] => 19
)

NeverBounce: Array
(
    [status] => general_failure
    [message] => Insufficient credit balance. This transaction requires 1 credits. The current available credit balance is 0.
    [execution_time] => 11
)

NeverBounce: Array
(
    [status] => general_failure
    [message] => Insufficient credit balance. This transaction requires 1 credits. The current available credit balance is 0.
    [execution_time] => 11
)

NeverBounce: Array
(
    [status] => general_failure
    [message] => Insufficient credit balance. This transaction requires 1 credits. The current available credit balance is 0.
    [execution_time] => 11
)

NeverBounce: Array
(
    [status] => general_failure
    [message] => Insufficient credit balance. This transaction requires 1 credits. The current available credit balance is 0.
    [execution_time] => 14
)

NeverBounce: Array
(
    [status] => general_failure
    [message] => Insufficient credit balance. This transaction requires 1 credits. The current available credit balance is 0.
    [execution_time] => 12
)

